# JRE version: OpenJDK Runtime Environment (8.0_265-b01) (build 1.8.0_265-b01)
# Java VM: OpenJDK 64-Bit Server VM (25.265-b01 mixed mode windows-amd64 compressed oops)
Heap:
 PSYoungGen      total 91648K, used 3483K [0x00000000d5d00000, 0x00000000dd880000, 0x0000000100000000)
  eden space 73216K, 3% used [0x00000000d5d00000,0x00000000d5fd5670,0x00000000da480000)
  from space 18432K, 3% used [0x00000000db580000,0x00000000db611898,0x00000000dc780000)
  to   space 17408K, 0% used [0x00000000da480000,0x00000000da480000,0x00000000db580000)
 ParOldGen       total 80896K, used 21212K [0x0000000081600000, 0x0000000086500000, 0x00000000d5d00000)
  object space 80896K, 26% used [0x0000000081600000,0x0000000082ab7060,0x0000000086500000)
 Metaspace       used 32266K, capacity 34404K, committed 34648K, reserved 1079296K
  class space    used 3395K, capacity 4012K, committed 4096K, reserved 1048576K
GC Heap History (10 events):
Event: 20.646 GC heap before
{Heap before GC invocations=16 (full 2):
 PSYoungGen      total 72192K, used 2981K [0x00000000d5d00000, 0x00000000db600000, 0x0000000100000000)
  eden space 54272K, 0% used [0x00000000d5d00000,0x00000000d5d00000,0x00000000d9200000)
  from space 17920K, 16% used [0x00000000da480000,0x00000000da769768,0x00000000db600000)
  to   space 18432K, 0% used [0x00000000d9200000,0x00000000d9200000,0x00000000da400000)
 ParOldGen       total 87552K, used 40514K [0x0000000081600000, 0x0000000086b80000, 0x00000000d5d00000)
  object space 87552K, 46% used [0x0000000081600000,0x0000000083d90b88,0x0000000086b80000)
 Metaspace       used 30732K, capacity 32780K, committed 32856K, reserved 1079296K
  class space    used 3224K, capacity 3818K, committed 3840K, reserved 1048576K
Event: 20.710 GC heap after
Heap after GC invocations=16 (full 2):
 PSYoungGen      total 72192K, used 0K [0x00000000d5d00000, 0x00000000db600000, 0x0000000100000000)
  eden space 54272K, 0% used [0x00000000d5d00000,0x00000000d5d00000,0x00000000d9200000)
  from space 17920K, 0% used [0x00000000da480000,0x00000000da480000,0x00000000db600000)
  to   space 18432K, 0% used [0x00000000d9200000,0x00000000d9200000,0x00000000da400000)
 ParOldGen       total 80896K, used 20772K [0x0000000081600000, 0x0000000086500000, 0x00000000d5d00000)
  object space 80896K, 25% used [0x0000000081600000,0x0000000082a49060,0x0000000086500000)
 Metaspace       used 30732K, capacity 32780K, committed 32856K, reserved 1079296K
  class space    used 3224K, capacity 3818K, committed 3840K, reserved 1048576K
}
Event: 21.067 GC heap before
{Heap before GC invocations=17 (full 2):
 PSYoungGen      total 72192K, used 54272K [0x00000000d5d00000, 0x00000000db600000, 0x0000000100000000)
  eden space 54272K, 100% used [0x00000000d5d00000,0x00000000d9200000,0x00000000d9200000)
  from space 17920K, 0% used [0x00000000da480000,0x00000000da480000,0x00000000db600000)
  to   space 18432K, 0% used [0x00000000d9200000,0x00000000d9200000,0x00000000da400000)
 ParOldGen       total 80896K, used 20772K [0x0000000081600000, 0x0000000086500000, 0x00000000d5d00000)
  object space 80896K, 25% used [0x0000000081600000,0x0000000082a49060,0x0000000086500000)
 Metaspace       used 31753K, capacity 34026K, committed 34136K, reserved 1079296K
  class space    used 3337K, capacity 3996K, committed 4096K, reserved 1048576K
Event: 21.069 GC heap after
Heap after GC invocations=17 (full 2):
 PSYoungGen      total 72704K, used 1353K [0x00000000d5d00000, 0x00000000dc780000, 0x0000000100000000)
  eden space 54272K, 0% used [0x00000000d5d00000,0x00000000d5d00000,0x00000000d9200000)
  from space 18432K, 7% used [0x00000000d9200000,0x00000000d93526a0,0x00000000da400000)
  to   space 18432K, 0% used [0x00000000db580000,0x00000000db580000,0x00000000dc780000)
 ParOldGen       total 80896K, used 20780K [0x0000000081600000, 0x0000000086500000, 0x00000000d5d00000)
  object space 80896K, 25% used [0x0000000081600000,0x0000000082a4b060,0x0000000086500000)
 Metaspace       used 31753K, capacity 34026K, committed 34136K, reserved 1079296K
  class space    used 3337K, capacity 3996K, committed 4096K, reserved 1048576K
}
Event: 21.164 GC heap before
{Heap before GC invocations=18 (full 2):
 PSYoungGen      total 72704K, used 55625K [0x00000000d5d00000, 0x00000000dc780000, 0x0000000100000000)
  eden space 54272K, 100% used [0x00000000d5d00000,0x00000000d9200000,0x00000000d9200000)
  from space 18432K, 7% used [0x00000000d9200000,0x00000000d93526a0,0x00000000da400000)
  to   space 18432K, 0% used [0x00000000db580000,0x00000000db580000,0x00000000dc780000)
 ParOldGen       total 80896K, used 20780K [0x0000000081600000, 0x0000000086500000, 0x00000000d5d00000)
  object space 80896K, 25% used [0x0000000081600000,0x0000000082a4b060,0x0000000086500000)
 Metaspace       used 31830K, capacity 34044K, committed 34392K, reserved 1079296K
  class space    used 3344K, capacity 4002K, committed 4096K, reserved 1048576K
Event: 21.166 GC heap after
Heap after GC invocations=18 (full 2):
 PSYoungGen      total 91136K, used 336K [0x00000000d5d00000, 0x00000000dc780000, 0x0000000100000000)
  eden space 72704K, 0% used [0x00000000d5d00000,0x00000000d5d00000,0x00000000da400000)
  from space 18432K, 1% used [0x00000000db580000,0x00000000db5d4050,0x00000000dc780000)
  to   space 17920K, 0% used [0x00000000da400000,0x00000000da400000,0x00000000db580000)
 ParOldGen       total 80896K, used 21116K [0x0000000081600000, 0x0000000086500000, 0x00000000d5d00000)
  object space 80896K, 26% used [0x0000000081600000,0x0000000082a9f060,0x0000000086500000)
 Metaspace       used 31830K, capacity 34044K, committed 34392K, reserved 1079296K
  class space    used 3344K, capacity 4002K, committed 4096K, reserved 1048576K
}
Event: 21.297 GC heap before
{Heap before GC invocations=19 (full 2):
 PSYoungGen      total 91136K, used 73040K [0x00000000d5d00000, 0x00000000dc780000, 0x0000000100000000)
  eden space 72704K, 100% used [0x00000000d5d00000,0x00000000da400000,0x00000000da400000)
  from space 18432K, 1% used [0x00000000db580000,0x00000000db5d4050,0x00000000dc780000)
  to   space 17920K, 0% used [0x00000000da400000,0x00000000da400000,0x00000000db580000)
 ParOldGen       total 80896K, used 21116K [0x0000000081600000, 0x0000000086500000, 0x00000000d5d00000)
  object space 80896K, 26% used [0x0000000081600000,0x0000000082a9f060,0x0000000086500000)
 Metaspace       used 31886K, capacity 34136K, committed 34392K, reserved 1079296K
  class space    used 3351K, capacity 4010K, committed 4096K, reserved 1048576K
Event: 21.298 GC heap after
Heap after GC invocations=19 (full 2):
 PSYoungGen      total 90624K, used 320K [0x00000000d5d00000, 0x00000000dc780000, 0x0000000100000000)
  eden space 72704K, 0% used [0x00000000d5d00000,0x00000000d5d00000,0x00000000da400000)
  from space 17920K, 1% used [0x00000000da400000,0x00000000da450010,0x00000000db580000)
  to   space 18432K, 0% used [0x00000000db580000,0x00000000db580000,0x00000000dc780000)
 ParOldGen       total 80896K, used 21180K [0x0000000081600000, 0x0000000086500000, 0x00000000d5d00000)
  object space 80896K, 26% used [0x0000000081600000,0x0000000082aaf060,0x0000000086500000)
 Metaspace       used 31886K, capacity 34136K, committed 34392K, reserved 1079296K
  class space    used 3351K, capacity 4010K, committed 4096K, reserved 1048576K
}
Event: 21.423 GC heap before
{Heap before GC invocations=20 (full 2):
 PSYoungGen      total 90624K, used 73024K [0x00000000d5d00000, 0x00000000dc780000, 0x0000000100000000)
  eden space 72704K, 100% used [0x00000000d5d00000,0x00000000da400000,0x00000000da400000)
  from space 17920K, 1% used [0x00000000da400000,0x00000000da450010,0x00000000db580000)
  to   space 18432K, 0% used [0x00000000db580000,0x00000000db580000,0x00000000dc780000)
 ParOldGen       total 80896K, used 21180K [0x0000000081600000, 0x0000000086500000, 0x00000000d5d00000)
  object space 80896K, 26% used [0x0000000081600000,0x0000000082aaf060,0x0000000086500000)
 Metaspace       used 32114K, capacity 34340K, committed 34648K, reserved 1079296K
  class space    used 3372K, capacity 4012K, committed 4096K, reserved 1048576K
Event: 21.426 GC heap after
Heap after GC invocations=20 (full 2):
 PSYoungGen      total 91648K, used 582K [0x00000000d5d00000, 0x00000000dd880000, 0x0000000100000000)
  eden space 73216K, 0% used [0x00000000d5d00000,0x00000000d5d00000,0x00000000da480000)
  from space 18432K, 3% used [0x00000000db580000,0x00000000db611898,0x00000000dc780000)
  to   space 17408K, 0% used [0x00000000da480000,0x00000000da480000,0x00000000db580000)
 ParOldGen       total 80896K, used 21212K [0x0000000081600000, 0x0000000086500000, 0x00000000d5d00000)
  object space 80896K, 26% used [0x0000000081600000,0x0000000082ab7060,0x0000000086500000)
 Metaspace       used 32114K, capacity 34340K, committed 34648K, reserved 1079296K
  class space    used 3372K, capacity 4012K, committed 4096K, reserved 1048576K
}

